<?xml version="1.0" encoding="UTF-8"?>
<!-- Generated by org.testng.reporters.JUnitReportReporter -->
<testsuite hostname="LAPTOP-RO4BTAG3" failures="0" tests="1" name="com.guru99bank.testcases.TC_03_Add_New_Account" time="3.551" errors="0" timestamp="2023-11-05T21:05:48 IST" skipped="0">
  <testcase classname="com.guru99bank.testcases.TC_03_Add_New_Account" name="test_add_new_account" time="3.551"/>
</testsuite> <!-- com.guru99bank.testcases.TC_03_Add_New_Account -->
