<?xml version="1.0" encoding="UTF-8"?>
<!-- Generated by org.testng.reporters.JUnitReportReporter -->
<testsuite hostname="LAPTOP-RO4BTAG3" failures="0" tests="1" name="com.guru99bank.testcases.TC_02_Add_new_customers" time="13.304" errors="0" timestamp="2023-11-07T18:48:07 IST" skipped="0">
  <testcase classname="com.guru99bank.testcases.TC_02_Add_new_customers" name="addNewCustomerPage" time="13.304"/>
</testsuite> <!-- com.guru99bank.testcases.TC_02_Add_new_customers -->
