<?xml version="1.0" encoding="UTF-8"?>
<!-- Generated by org.testng.reporters.JUnitReportReporter -->
<testsuite hostname="LAPTOP-RO4BTAG3" failures="0" tests="1" name="com.guru99bank.testcases.TC_01_Verify_login_with_vaild_username_password" time="1.473" errors="0" timestamp="2023-11-05T00:41:23 IST" skipped="0">
  <testcase classname="com.guru99bank.testcases.TC_01_Verify_login_with_vaild_username_password" name="logintest" time="1.473"/>
</testsuite> <!-- com.guru99bank.testcases.TC_01_Verify_login_with_vaild_username_password -->
